#
# A fatal error has been detected by the Java Runtime Environment:
#
#  EXCEPTION_ACCESS_VIOLATION (0xc0000005) at pc=0x000000000b2c85d6, pid=1900, tid=0x00000000000041b8
#
# JRE version: OpenJDK Runtime Environment (8.0_242-b01) (build 1.8.0_242-release-1644-b01)
# Java VM: OpenJDK 64-Bit Server VM (25.242-b01 mixed mode windows-amd64 compressed oops)
# Problematic frame:
# J 50062 C2 com.android.utils.XmlUtils$PositionAwareStringBuilder.append(Ljava/lang/String;)Lcom/android/utils/XmlUtils$PositionAwareStringBuilder; (69 bytes) @ 0x000000000b2c85d6 [0x000000000b2c8580+0x56]
#
# Failed to write core dump. Minidumps are not enabled by default on client versions of Windows
#
# If you would like to submit a bug report, please visit:
#   
#

---------------  T H R E A D  ---------------

Current thread (0x000000003549b800):  JavaThread "Execution worker for ':'" [_thread_in_Java, id=16824, stack(0x000000003e060000,0x000000003e160000)]

siginfo: ExceptionCode=0xc0000005, reading address 0x00000000004c0068

Registers:
RAX=0x0000000000000000, RBX=0x00000000d906d228, RCX=0x00000000d8d832c0, RDX=0x00000000d8d832a8
RSP=0x000000003e15baf0, RBP=0x00000000d5bdbcf8, RSI=0x000000010077ac90, RDI=0x00000000d906d228
R8 =0x00000000004c005c, R9 =0x000000000007d3fe, R10=0x00000000d8d832c0, R11=0x00000000801013d0
R12=0x0000000000000000, R13=0x00000000d8d832a8, R14=0x000000007ffffff7, R15=0x000000003549b800
RIP=0x000000000b2c85d6, EFLAGS=0x0000000000010202

Top of Stack: (sp=0x000000003e15baf0)
0x000000003e15baf0:   000000003549b800 0006f65c00000003
0x000000003e15bb00:   00000000d8d83ab8 0000000002e7f0f9
0x000000003e15bb10:   0000000016fe0640 000000003e15bb70
0x000000003e15bb20:   00000000d5bdb9e0 00000000801013d0
0x000000003e15bb30:   00000000d5bdbc90 00000000d8d83b14
0x000000003e15bb40:   00000000d91868d8 00000000d8d832c0
0x000000003e15bb50:   00000000d8d832a8 000000000007d3fe
0x000000003e15bb60:   000000010002a498 00000000d8d72ed8
0x000000003e15bb70:   00000000d5bdbcf8 000000000b33722c
0x000000003e15bb80:   00000000d8d72ed8 0000000063429037
0x000000003e15bb90:   000000003d831748 0000000002e62d46
0x000000003e15bba0:   00000000d5bdbcb8 00000000d8d832a8
0x000000003e15bbb0:   00000000d8d83270 2019154f00000000
0x000000003e15bbc0:   0000000100776a98 00000000d8d83ab8
0x000000003e15bbd0:   00000000d5bdbcb8 00000000d5bdbcb8
0x000000003e15bbe0:   00000000d5bdbd68 0006f66b00000001 

Instructions: (pc=0x000000000b2c85d6)
0x000000000b2c85b6:   54 24 60 44 8b 52 14 44 89 54 24 58 41 8b 7a 10
0x000000000b2c85c6:   49 8b ca 4d 85 c0 0f 84 fc 03 00 00 45 8b 40 0c
0x000000000b2c85d6:   41 8b 58 0c 44 8b 57 0c 44 89 54 24 68 44 8b 5c
0x000000000b2c85e6:   24 58 41 8b 73 0c 44 8b db 44 03 de 45 8b d3 44 


Register to memory mapping:

RAX=0x0000000000000000 is an unknown value
RBX=0x00000000d906d228 is an oop
[C 
 - klass: {type array char}
 - length: 513022
RCX=0x00000000d8d832c0 is an oop
java.lang.StringBuilder 
 - klass: 'java/lang/StringBuilder'
RDX=0x00000000d8d832a8 is an oop
com.android.utils.XmlUtils$PositionAwareStringBuilder 
 - klass: 'com/android/utils/XmlUtils$PositionAwareStringBuilder'
RSP=0x000000003e15baf0 is pointing into the stack for thread: 0x000000003549b800
RBP=0x00000000d5bdbcf8 is an oop
com.sun.org.apache.xerces.internal.dom.AttrImpl 
 - klass: 'com/sun/org/apache/xerces/internal/dom/AttrImpl'
RSI=0x000000010077ac90 is pointing into metadata
RDI=0x00000000d906d228 is an oop
[C 
 - klass: {type array char}
 - length: 513022
R8 =0x00000000004c005c is an unknown value
R9 =0x000000000007d3fe is an unknown value
R10=0x00000000d8d832c0 is an oop
java.lang.StringBuilder 
 - klass: 'java/lang/StringBuilder'
R11=0x00000000801013d0 is pointing into object: 0x0000000080100db0
[C 
 - klass: {type array char}
 - length: 1285
R12=0x0000000000000000 is an unknown value
R13=0x00000000d8d832a8 is an oop
com.android.utils.XmlUtils$PositionAwareStringBuilder 
 - klass: 'com/android/utils/XmlUtils$PositionAwareStringBuilder'
R14=0x000000007ffffff7 is an unknown value
R15=0x000000003549b800 is a thread


Stack: [0x000000003e060000,0x000000003e160000],  sp=0x000000003e15baf0,  free space=1006k
Native frames: (J=compiled Java code, j=interpreted, Vv=VM code, C=native code)
C  0x000000000b2c85d6


---------------  P R O C E S S  ---------------

Java Threads: ( => current thread )
  0x0000000029c7d800 JavaThread "WorkerExecutor Queue Thread 4" [_thread_blocked, id=3712, stack(0x0000000043c70000,0x0000000043d70000)]
  0x0000000029c71800 JavaThread "WorkerExecutor Queue Thread 3" [_thread_blocked, id=7880, stack(0x00000000430c0000,0x00000000431c0000)]
  0x0000000029c78000 JavaThread "WorkerExecutor Queue Thread 2" [_thread_blocked, id=16844, stack(0x0000000042fc0000,0x00000000430c0000)]
  0x0000000029c76000 JavaThread "WorkerExecutor Queue" [_thread_blocked, id=16664, stack(0x0000000042ec0000,0x0000000042fc0000)]
  0x0000000029c77800 JavaThread "Cache worker for execution history cache (C:\Users\AIT\AndroidStudioProjects\GpsTrackerMap\.gradle\6.5\executionHistory)" [_thread_blocked, id=15604, stack(0x0000000042c70000,0x0000000042d70000)]
  0x0000000029c75000 JavaThread "Execution worker for ':' Thread 3" [_thread_blocked, id=13132, stack(0x0000000042370000,0x0000000042470000)]
  0x0000000029c72000 JavaThread "Execution worker for ':' Thread 2" [_thread_blocked, id=14796, stack(0x0000000042170000,0x0000000042270000)]
=>0x000000003549b800 JavaThread "Execution worker for ':'" [_thread_in_Java, id=16824, stack(0x000000003e060000,0x000000003e160000)]
  0x0000000035495800 JavaThread "Cache worker for file content cache (C:\Users\AIT\AndroidStudioProjects\GpsTrackerMap\.gradle\6.5\fileContent)" [_thread_blocked, id=7280, stack(0x000000003bdb0000,0x000000003beb0000)]
  0x0000000035498800 JavaThread "Cache worker for Build Output Cleanup Cache (C:\Users\AIT\AndroidStudioProjects\GpsTrackerMap\.gradle\buildOutputCleanup)" [_thread_blocked, id=15648, stack(0x0000000024f60000,0x0000000025060000)]
  0x000000003549a000 JavaThread "Build operations Thread 4" [_thread_blocked, id=12400, stack(0x0000000024e60000,0x0000000024f60000)]
  0x0000000035499000 JavaThread "Build operations Thread 3" [_thread_blocked, id=11740, stack(0x0000000024d60000,0x0000000024e60000)]
  0x000000003548e000 JavaThread "Build operations Thread 2" [_thread_blocked, id=15084, stack(0x0000000024c60000,0x0000000024d60000)]
  0x000000003548e800 JavaThread "Build operations" [_thread_blocked, id=1136, stack(0x0000000024b60000,0x0000000024c60000)]
  0x0000000035494000 JavaThread "Cache worker for cache directory md-rule (C:\Users\AIT\.gradle\caches\6.5\md-rule)" [_thread_blocked, id=6428, stack(0x0000000020d50000,0x0000000020e50000)]
  0x0000000035494800 JavaThread "Cache worker for cache directory md-supplier (C:\Users\AIT\.gradle\caches\6.5\md-supplier)" [_thread_blocked, id=15512, stack(0x0000000020c50000,0x0000000020d50000)]
  0x000000003548c800 JavaThread "Cache worker for checksums cache (C:\Users\AIT\AndroidStudioProjects\GpsTrackerMap\.gradle\checksums)" [_thread_blocked, id=9464, stack(0x0000000020b50000,0x0000000020c50000)]
  0x0000000035493000 JavaThread "Cache worker for file hash cache (C:\Users\AIT\AndroidStudioProjects\GpsTrackerMap\.gradle\6.5\fileHashes)" [_thread_blocked, id=11756, stack(0x0000000020a50000,0x0000000020b50000)]
  0x0000000035492800 JavaThread "Thread-11342" [_thread_blocked, id=13908, stack(0x0000000020950000,0x0000000020a50000)]
  0x000000001e683000 JavaThread "Stdin handler" [_thread_blocked, id=17172, stack(0x0000000020850000,0x0000000020950000)]
  0x000000001e682800 JavaThread "Asynchronous log dispatcher for DefaultDaemonConnection: socket connection from /127.0.0.1:50789 to /127.0.0.1:56903" [_thread_blocked, id=17312, stack(0x000000001da10000,0x000000001db10000)]
  0x000000001e681800 JavaThread "Cancel handler" [_thread_blocked, id=14308, stack(0x000000001c7d0000,0x000000001c8d0000)]
  0x000000001e681000 JavaThread "Handler for socket connection from /127.0.0.1:50789 to /127.0.0.1:56903" [_thread_in_native, id=16428, stack(0x000000001c6d0000,0x000000001c7d0000)]
  0x000000001e678000 JavaThread "jar transforms Thread 7871" [_thread_blocked, id=8012, stack(0x000000003b3f0000,0x000000003b4f0000)]
  0x000000001e677000 JavaThread "jar transforms Thread 7870" [_thread_blocked, id=15804, stack(0x0000000038b50000,0x0000000038c50000)]
  0x000000001e67c800 JavaThread "jar transforms Thread 7869" [_thread_blocked, id=10548, stack(0x0000000038a50000,0x0000000038b50000)]
  0x000000001e67b000 JavaThread "jar transforms Thread 7868" [_thread_blocked, id=14616, stack(0x0000000038750000,0x0000000038850000)]
  0x000000001e679800 JavaThread "jar transforms Thread 7867" [_thread_blocked, id=800, stack(0x0000000037c50000,0x0000000037d50000)]
  0x000000001e675000 JavaThread "jar transforms Thread 7866" [_thread_blocked, id=12652, stack(0x0000000037b50000,0x0000000037c50000)]
  0x000000001e67a000 JavaThread "jar transforms Thread 7865" [_thread_blocked, id=16420, stack(0x0000000037190000,0x0000000037290000)]
  0x000000001e675800 JavaThread "jar transforms Thread 7864" [_thread_blocked, id=4040, stack(0x0000000034410000,0x0000000034510000)]
  0x000000001e674000 JavaThread "jar transforms Thread 7863" [_thread_blocked, id=5496, stack(0x0000000033ea0000,0x0000000033fa0000)]
  0x000000001e678800 JavaThread "jar transforms Thread 7862" [_thread_blocked, id=2608, stack(0x0000000032780000,0x0000000032880000)]
  0x000000001e676800 JavaThread "jar transforms Thread 7861" [_thread_blocked, id=10792, stack(0x0000000031690000,0x0000000031790000)]
  0x000000001ac1b000 JavaThread "jar transforms Thread 7860" [_thread_blocked, id=14460, stack(0x000000002d1e0000,0x000000002d2e0000)]
  0x000000001ac19800 JavaThread "jar transforms Thread 7859" [_thread_blocked, id=12904, stack(0x000000002d0e0000,0x000000002d1e0000)]
  0x000000001ac19000 JavaThread "jar transforms Thread 7858" [_thread_blocked, id=9800, stack(0x000000002cd40000,0x000000002ce40000)]
  0x000000001ac1c000 JavaThread "jar transforms Thread 7857" [_thread_blocked, id=4672, stack(0x000000002c840000,0x000000002c940000)]
  0x000000001ac11000 JavaThread "jar transforms Thread 7856" [_thread_blocked, id=14572, stack(0x000000002b2f0000,0x000000002b3f0000)]
  0x000000001ac10800 JavaThread "jar transforms Thread 7855" [_thread_blocked, id=13200, stack(0x000000002aff0000,0x000000002b0f0000)]
  0x000000001ac17800 JavaThread "jar transforms Thread 7854" [_thread_blocked, id=13120, stack(0x0000000028960000,0x0000000028a60000)]
  0x000000001ac0f800 JavaThread "jar transforms Thread 7853" [_thread_blocked, id=32, stack(0x0000000028860000,0x0000000028960000)]
  0x000000001ac16800 JavaThread "jar transforms Thread 7852" [_thread_blocked, id=15048, stack(0x0000000028760000,0x0000000028860000)]
  0x000000001ac12000 JavaThread "jar transforms Thread 7851" [_thread_blocked, id=8428, stack(0x0000000028660000,0x0000000028760000)]
  0x000000001ac0f000 JavaThread "jar transforms Thread 7850" [_thread_blocked, id=3128, stack(0x0000000028560000,0x0000000028660000)]
  0x000000001ac15800 JavaThread "jar transforms Thread 7849" [_thread_blocked, id=7440, stack(0x0000000028460000,0x0000000028560000)]
  0x000000001ac0e000 JavaThread "jar transforms Thread 7848" [_thread_blocked, id=16856, stack(0x0000000028360000,0x0000000028460000)]
  0x000000001ac12800 JavaThread "jar transforms Thread 7847" [_thread_blocked, id=13320, stack(0x0000000028260000,0x0000000028360000)]
  0x000000001ac14000 JavaThread "jar transforms Thread 7846" [_thread_blocked, id=10388, stack(0x0000000028160000,0x0000000028260000)]
  0x000000001ac0d800 JavaThread "jar transforms Thread 7845" [_thread_blocked, id=13880, stack(0x0000000028060000,0x0000000028160000)]
  0x000000001ac13800 JavaThread "jar transforms Thread 7844" [_thread_blocked, id=11424, stack(0x0000000027f60000,0x0000000028060000)]
  0x000000001ac0c800 JavaThread "jar transforms Thread 7843" [_thread_blocked, id=16688, stack(0x0000000027e60000,0x0000000027f60000)]
  0x0000000029e40000 JavaThread "jar transforms Thread 7842" [_thread_blocked, id=8100, stack(0x0000000027d60000,0x0000000027e60000)]
  0x0000000029e3f000 JavaThread "jar transforms Thread 7841" [_thread_blocked, id=16656, stack(0x0000000027c60000,0x0000000027d60000)]
  0x0000000029e3d800 JavaThread "jar transforms Thread 7840" [_thread_blocked, id=2584, stack(0x0000000027b60000,0x0000000027c60000)]
  0x0000000029e3d000 JavaThread "jar transforms Thread 7839" [_thread_blocked, id=11300, stack(0x0000000027a60000,0x0000000027b60000)]
  0x0000000029e3b800 JavaThread "jar transforms Thread 7838" [_thread_blocked, id=12020, stack(0x0000000027960000,0x0000000027a60000)]
  0x0000000029e3e800 JavaThread "jar transforms Thread 7837" [_thread_blocked, id=14548, stack(0x0000000027860000,0x0000000027960000)]
  0x0000000029e34000 JavaThread "jar transforms Thread 7836" [_thread_blocked, id=17216, stack(0x0000000027760000,0x0000000027860000)]
  0x0000000029e34800 JavaThread "jar transforms Thread 7835" [_thread_blocked, id=17036, stack(0x0000000027660000,0x0000000027760000)]
  0x0000000029e3a800 JavaThread "jar transforms Thread 7834" [_thread_blocked, id=14116, stack(0x0000000027560000,0x0000000027660000)]
  0x0000000029e3a000 JavaThread "jar transforms Thread 7833" [_thread_blocked, id=16852, stack(0x0000000027460000,0x0000000027560000)]
  0x0000000029e38800 JavaThread "jar transforms Thread 7832" [_thread_blocked, id=11452, stack(0x0000000027360000,0x0000000027460000)]
  0x0000000029e31800 JavaThread "jar transforms Thread 7831" [_thread_blocked, id=12268, stack(0x0000000027260000,0x0000000027360000)]
  0x0000000029e37800 JavaThread "jar transforms Thread 7830" [_thread_blocked, id=4176, stack(0x0000000027160000,0x0000000027260000)]
  0x0000000029e37000 JavaThread "jar transforms Thread 7829" [_thread_blocked, id=12912, stack(0x0000000027060000,0x0000000027160000)]
  0x0000000029e36000 JavaThread "jar transforms Thread 7828" [_thread_blocked, id=16704, stack(0x0000000026f60000,0x0000000027060000)]
  0x0000000029e32800 JavaThread "jar transforms Thread 7827" [_thread_blocked, id=9208, stack(0x0000000026e60000,0x0000000026f60000)]
  0x0000000029e33000 JavaThread "jar transforms Thread 7826" [_thread_blocked, id=11784, stack(0x0000000026d60000,0x0000000026e60000)]
  0x0000000029e35800 JavaThread "jar transforms Thread 7825" [_thread_blocked, id=16868, stack(0x0000000026c60000,0x0000000026d60000)]
  0x0000000029e31000 JavaThread "jar transforms Thread 7824" [_thread_blocked, id=15440, stack(0x0000000026b60000,0x0000000026c60000)]
  0x0000000020174000 JavaThread "jar transforms Thread 7823" [_thread_blocked, id=13972, stack(0x0000000026a60000,0x0000000026b60000)]
  0x0000000020173800 JavaThread "jar transforms Thread 7822" [_thread_blocked, id=10288, stack(0x0000000026960000,0x0000000026a60000)]
  0x0000000020171000 JavaThread "jar transforms Thread 7821" [_thread_blocked, id=13756, stack(0x0000000026860000,0x0000000026960000)]
  0x000000002016f000 JavaThread "jar transforms Thread 7820" [_thread_blocked, id=14248, stack(0x0000000026760000,0x0000000026860000)]
  0x0000000020172800 JavaThread "jar transforms Thread 7819" [_thread_blocked, id=17184, stack(0x0000000026660000,0x0000000026760000)]
  0x0000000020170800 JavaThread "jar transforms Thread 7818" [_thread_blocked, id=9596, stack(0x0000000026560000,0x0000000026660000)]
  0x0000000020172000 JavaThread "jar transforms Thread 7817" [_thread_blocked, id=17028, stack(0x0000000026460000,0x0000000026560000)]
  0x000000002016f800 JavaThread "jar transforms Thread 7816" [_thread_blocked, id=17368, stack(0x0000000026360000,0x0000000026460000)]
  0x0000000020166800 JavaThread "jar transforms Thread 7815" [_thread_blocked, id=8136, stack(0x0000000026260000,0x0000000026360000)]
  0x000000002016d800 JavaThread "jar transforms Thread 7814" [_thread_blocked, id=6008, stack(0x0000000026160000,0x0000000026260000)]
  0x0000000020168000 JavaThread "jar transforms Thread 7813" [_thread_blocked, id=3572, stack(0x0000000026060000,0x0000000026160000)]
  0x000000002016c800 JavaThread "jar transforms Thread 7812" [_thread_blocked, id=17100, stack(0x0000000025f60000,0x0000000026060000)]
  0x0000000020169000 JavaThread "jar transforms Thread 7811" [_thread_blocked, id=2036, stack(0x0000000025e60000,0x0000000025f60000)]
  0x0000000020166000 JavaThread "jar transforms Thread 7810" [_thread_blocked, id=7212, stack(0x0000000025d60000,0x0000000025e60000)]
  0x000000002016c000 JavaThread "jar transforms Thread 7809" [_thread_blocked, id=14324, stack(0x0000000025c60000,0x0000000025d60000)]
  0x000000002016b000 JavaThread "jar transforms Thread 7808" [_thread_blocked, id=15488, stack(0x0000000025b60000,0x0000000025c60000)]
  0x000000002016a800 JavaThread "jar transforms Thread 7807" [_thread_blocked, id=14720, stack(0x0000000025a60000,0x0000000025b60000)]
  0x0000000020167800 JavaThread "jar transforms Thread 7806" [_thread_blocked, id=17240, stack(0x0000000025960000,0x0000000025a60000)]
  0x0000000020169800 JavaThread "jar transforms Thread 7805" [_thread_blocked, id=12536, stack(0x0000000025860000,0x0000000025960000)]
  0x000000003067f000 JavaThread "jar transforms Thread 7804" [_thread_blocked, id=17076, stack(0x0000000025760000,0x0000000025860000)]
  0x000000003067e800 JavaThread "jar transforms Thread 7803" [_thread_blocked, id=9112, stack(0x0000000025660000,0x0000000025760000)]
  0x000000003067c000 JavaThread "jar transforms Thread 7802" [_thread_blocked, id=16540, stack(0x0000000025560000,0x0000000025660000)]
  0x000000003067d800 JavaThread "jar transforms Thread 7801" [_thread_blocked, id=16912, stack(0x0000000025460000,0x0000000025560000)]
  0x000000003067d000 JavaThread "jar transforms Thread 7800" [_thread_blocked, id=17136, stack(0x0000000025360000,0x0000000025460000)]
  0x000000003067b800 JavaThread "jar transforms Thread 7799" [_thread_blocked, id=13868, stack(0x0000000025260000,0x0000000025360000)]
  0x0000000030674000 JavaThread "jar transforms Thread 7798" [_thread_blocked, id=10860, stack(0x0000000025160000,0x0000000025260000)]
  0x000000003067a800 JavaThread "jar transforms Thread 7797" [_thread_blocked, id=5092, stack(0x0000000025060000,0x0000000025160000)]
  0x0000000030677800 JavaThread "jar transforms Thread 7796" [_thread_blocked, id=10868, stack(0x0000000024a60000,0x0000000024b60000)]
  0x0000000030674800 JavaThread "jar transforms Thread 7795" [_thread_blocked, id=7504, stack(0x0000000024760000,0x0000000024860000)]
  0x0000000030677000 JavaThread "jar transforms Thread 7794" [_thread_blocked, id=10620, stack(0x0000000024660000,0x0000000024760000)]
  0x0000000030673000 JavaThread "jar transforms Thread 7793" [_thread_blocked, id=15828, stack(0x0000000022d60000,0x0000000022e60000)]
  0x0000000030676000 JavaThread "jar transforms Thread 7792" [_thread_blocked, id=9212, stack(0x0000000022650000,0x0000000022750000)]
  0x0000000030675800 JavaThread "jar transforms Thread 7791" [_thread_blocked, id=16404, stack(0x0000000021d50000,0x0000000021e50000)]
  0x0000000030671800 JavaThread "jar transforms Thread 7790" [_thread_blocked, id=15960, stack(0x0000000021c50000,0x0000000021d50000)]
  0x0000000030669800 JavaThread "jar transforms Thread 7789" [_thread_blocked, id=15812, stack(0x0000000021b50000,0x0000000021c50000)]
  0x0000000030670000 JavaThread "jar transforms Thread 7788" [_thread_blocked, id=16616, stack(0x0000000021650000,0x0000000021750000)]
  0x000000003066e000 JavaThread "jar transforms Thread 7787" [_thread_blocked, id=8088, stack(0x0000000021550000,0x0000000021650000)]
  0x000000003066a000 JavaThread "jar transforms Thread 7786" [_thread_blocked, id=11236, stack(0x0000000021450000,0x0000000021550000)]
  0x0000000030661800 JavaThread "jar transforms Thread 7785" [_thread_blocked, id=16044, stack(0x0000000021350000,0x0000000021450000)]
  0x0000000030662800 JavaThread "jar transforms Thread 7784" [_thread_blocked, id=14928, stack(0x0000000021250000,0x0000000021350000)]
  0x0000000030664000 JavaThread "jar transforms Thread 7783" [_thread_blocked, id=10468, stack(0x0000000021150000,0x0000000021250000)]
  0x0000000030668800 JavaThread "jar transforms Thread 7782" [_thread_blocked, id=16488, stack(0x0000000021050000,0x0000000021150000)]
  0x0000000030661000 JavaThread "jar transforms Thread 7781" [_thread_blocked, id=16956, stack(0x0000000020f50000,0x0000000021050000)]
  0x0000000030666000 JavaThread "jar transforms Thread 7780" [_thread_blocked, id=13180, stack(0x0000000020e50000,0x0000000020f50000)]
  0x000000001e391800 JavaThread "Daemon worker Thread 86" [_thread_blocked, id=15860, stack(0x000000001ce10000,0x000000001cf10000)]
  0x000000001e397000 JavaThread "Daemon Thread 86" [_thread_blocked, id=10836, stack(0x0000000002a60000,0x0000000002b60000)]
  0x0000000019ee0000 JavaThread "Cache worker for Java compile cache (C:\Users\AIT\.gradle\caches\6.5\javaCompile)" [_thread_blocked, id=204, stack(0x0000000042270000,0x0000000042370000)]
  0x000000001e38f800 JavaThread "MarlinRenderer Disposer" daemon [_thread_blocked, id=11744, stack(0x000000002e7f0000,0x000000002e8f0000)]
  0x000000002016e000 JavaThread "Java2D Disposer" daemon [_thread_blocked, id=6772, stack(0x000000002d2e0000,0x000000002d3e0000)]
  0x000000001ac18000 JavaThread "Memory manager" [_thread_blocked, id=12832, stack(0x0000000029a60000,0x0000000029b60000)]
  0x0000000019ed3000 JavaThread "Cache worker for file content cache (C:\Users\AIT\.gradle\caches\6.5\fileContent)" [_thread_blocked, id=9988, stack(0x0000000022550000,0x0000000022650000)]
  0x0000000019ed4000 JavaThread "Cache worker for execution history cache (C:\Users\AIT\.gradle\caches\6.5\executionHistory)" [_thread_blocked, id=9716, stack(0x0000000022050000,0x0000000022150000)]
  0x000000001b705000 JavaThread "Cache worker for file hash cache (C:\Users\AIT\.gradle\caches\6.5\fileHashes)" [_thread_blocked, id=1924, stack(0x000000001db30000,0x000000001dc30000)]
  0x000000001b702800 JavaThread "File lock request listener" [_thread_in_native, id=13540, stack(0x000000001d910000,0x000000001da10000)]
  0x000000001992f000 JavaThread "Cache worker for journal cache (C:\Users\AIT\.gradle\caches\journal-1)" [_thread_blocked, id=11864, stack(0x000000001d710000,0x000000001d810000)]
  0x000000001b3ff000 JavaThread "Daemon periodic checks" [_thread_blocked, id=4612, stack(0x000000001cb10000,0x000000001cc10000)]
  0x000000001b3aa800 JavaThread "Incoming local TCP Connector on port 50789" [_thread_in_native, id=13104, stack(0x000000001c8d0000,0x000000001c9d0000)]
  0x000000001b29f000 JavaThread "Daemon health stats" [_thread_blocked, id=12420, stack(0x000000001c290000,0x000000001c390000)]
  0x00000000179de800 JavaThread "Service Thread" daemon [_thread_blocked, id=9120, stack(0x00000000196f0000,0x00000000197f0000)]
  0x000000001799a800 JavaThread "C1 CompilerThread2" daemon [_thread_blocked, id=8832, stack(0x00000000191f0000,0x00000000192f0000)]
  0x000000001798d800 JavaThread "C2 CompilerThread1" daemon [_thread_blocked, id=5948, stack(0x00000000190f0000,0x00000000191f0000)]
  0x0000000017988000 JavaThread "C2 CompilerThread0" daemon [_thread_blocked, id=9340, stack(0x0000000018ff0000,0x00000000190f0000)]
  0x0000000017987000 JavaThread "Attach Listener" daemon [_thread_blocked, id=832, stack(0x0000000018ef0000,0x0000000018ff0000)]
  0x0000000017983800 JavaThread "Signal Dispatcher" daemon [_thread_blocked, id=10268, stack(0x0000000018df0000,0x0000000018ef0000)]
  0x0000000002d5b800 JavaThread "Finalizer" daemon [_thread_blocked, id=7604, stack(0x0000000018bf0000,0x0000000018cf0000)]
  0x0000000017969000 JavaThread "Reference Handler" daemon [_thread_blocked, id=2516, stack(0x0000000018af0000,0x0000000018bf0000)]
  0x0000000002a5e800 JavaThread "main" [_thread_blocked, id=8868, stack(0x0000000002b60000,0x0000000002c60000)]

Other Threads:
  0x0000000017947000 VMThread [stack: 0x00000000189f0000,0x0000000018af0000] [id=5200]
  0x000000001932b800 WatcherThread [stack: 0x00000000197f0000,0x00000000198f0000] [id=10244]

VM state:not at safepoint (normal execution)

VM Mutex/Monitor currently owned by a thread: None

heap address: 0x0000000080000000, size: 2048 MB, Compressed Oops mode: 32-bit
Narrow klass base: 0x0000000000000000, Narrow klass shift: 3
Compressed class space size: 1073741824 Address: 0x0000000100000000

Heap:
 PSYoungGen      total 633344K, used 92016K [0x00000000d5580000, 0x0000000100000000, 0x0000000100000000)
  eden space 567808K, 10% used [0x00000000d5580000,0x00000000d91f96e8,0x00000000f8000000)
  from space 65536K, 45% used [0x00000000f8000000,0x00000000f9d62a00,0x00000000fc000000)
  to   space 62976K, 0% used [0x00000000fc280000,0x00000000fc280000,0x0000000100000000)
 ParOldGen       total 609792K, used 507984K [0x0000000080000000, 0x00000000a5380000, 0x00000000d5580000)
  object space 609792K, 83% used [0x0000000080000000,0x000000009f0140e8,0x00000000a5380000)
 Metaspace       used 247636K, capacity 266458K, committed 272844K, reserved 1286144K
  class space    used 31396K, capacity 34849K, committed 36608K, reserved 1048576K

Card table byte_map: [0x0000000012120000,0x0000000012530000] byte_map_base: 0x0000000011d20000

Marking Bits: (ParMarkBitMap*) 0x00000000639df030
 Begin Bits: [0x0000000012be0000, 0x0000000014be0000)
 End Bits:   [0x0000000014be0000, 0x0000000016be0000)

Polling page: 0x0000000002900000

CodeCache: size=245760Kb used=174307Kb max_used=174554Kb free=71452Kb
 bounds [0x0000000002d60000, 0x000000000d900000, 0x0000000011d60000]
 total_blobs=46799 nmethods=45728 adapters=980
 compilation: enabled

Compilation events (10 events):
Event: 42301.794 Thread 0x000000001798d800 66108       4       sun.java2d.SunGraphics2D::invalidateTransform (226 bytes)
Event: 42301.799 Thread 0x000000001798d800 nmethod 66108 0x0000000006924a50 code [0x0000000006924bc0, 0x0000000006924db8]
Event: 42301.799 Thread 0x000000001798d800 66109       4       sun.java2d.pipe.AAShapePipe$TileState::computeDevBox (43 bytes)
Event: 42301.801 Thread 0x000000001798d800 nmethod 66109 0x0000000004b54350 code [0x0000000004b54480, 0x0000000004b54538]
Event: 42301.807 Thread 0x000000001798d800 66110  s    4       java.awt.ColorPaintContext::getRaster (88 bytes)
Event: 42301.810 Thread 0x000000001799a800 66111       3       sun.java2d.pipe.ValidatePipe::draw (20 bytes)
Event: 42301.811 Thread 0x000000001799a800 nmethod 66111 0x0000000009032950 code [0x0000000009032b00, 0x00000000090330e8]
Event: 42301.814 Thread 0x000000001798d800 nmethod 66110 0x0000000004683ad0 code [0x0000000004683c40, 0x0000000004684158]
Event: 42301.835 Thread 0x0000000017988000 66112       4       com.sun.jmx.mbeanserver.StandardMBeanIntrospector::mFrom (6 bytes)
Event: 42301.836 Thread 0x0000000017988000 nmethod 66112 0x0000000002f6c2d0 code [0x0000000002f6c400, 0x0000000002f6c458]

GC Heap History (10 events):
Event: 33247.657 GC heap before
{Heap before GC invocations=193 (full 8):
 PSYoungGen      total 640000K, used 610134K [0x00000000d5580000, 0x00000000ff900000, 0x0000000100000000)
  eden space 591360K, 100% used [0x00000000d5580000,0x00000000f9700000,0x00000000f9700000)
  from space 48640K, 38% used [0x00000000fc980000,0x00000000fdbd5b30,0x00000000ff900000)
  to   space 50176K, 0% used [0x00000000f9700000,0x00000000f9700000,0x00000000fc800000)
 ParOldGen       total 609792K, used 426212K [0x0000000080000000, 0x00000000a5380000, 0x00000000d5580000)
  object space 609792K, 69% used [0x0000000080000000,0x000000009a0393d8,0x00000000a5380000)
 Metaspace       used 240457K, capacity 257988K, committed 272844K, reserved 1286144K
  class space    used 30432K, capacity 33585K, committed 36608K, reserved 1048576K
Event: 33247.671 GC heap after
Heap after GC invocations=193 (full 8):
 PSYoungGen      total 641536K, used 18870K [0x00000000d5580000, 0x00000000ffc80000, 0x0000000100000000)
  eden space 591360K, 0% used [0x00000000d5580000,0x00000000d5580000,0x00000000f9700000)
  from space 50176K, 37% used [0x00000000f9700000,0x00000000fa96db30,0x00000000fc800000)
  to   space 47616K, 0% used [0x00000000fce00000,0x00000000fce00000,0x00000000ffc80000)
 ParOldGen       total 609792K, used 426610K [0x0000000080000000, 0x00000000a5380000, 0x00000000d5580000)
  object space 609792K, 69% used [0x0000000080000000,0x000000009a09c9c8,0x00000000a5380000)
 Metaspace       used 240457K, capacity 257988K, committed 272844K, reserved 1286144K
  class space    used 30432K, capacity 33585K, committed 36608K, reserved 1048576K
}
Event: 40729.755 GC heap before
{Heap before GC invocations=194 (full 8):
 PSYoungGen      total 641536K, used 610230K [0x00000000d5580000, 0x00000000ffc80000, 0x0000000100000000)
  eden space 591360K, 100% used [0x00000000d5580000,0x00000000f9700000,0x00000000f9700000)
  from space 50176K, 37% used [0x00000000f9700000,0x00000000fa96db30,0x00000000fc800000)
  to   space 47616K, 0% used [0x00000000fce00000,0x00000000fce00000,0x00000000ffc80000)
 ParOldGen       total 609792K, used 426610K [0x0000000080000000, 0x00000000a5380000, 0x00000000d5580000)
  object space 609792K, 69% used [0x0000000080000000,0x000000009a09c9c8,0x00000000a5380000)
 Metaspace       used 242561K, capacity 260326K, committed 272844K, reserved 1286144K
  class space    used 30708K, capacity 33921K, committed 36608K, reserved 1048576K
Event: 40729.773 GC heap after
Heap after GC invocations=194 (full 8):
 PSYoungGen      total 645632K, used 17962K [0x00000000d5580000, 0x00000000ff980000, 0x0000000100000000)
  eden space 601088K, 0% used [0x00000000d5580000,0x00000000d5580000,0x00000000fa080000)
  from space 44544K, 40% used [0x00000000fce00000,0x00000000fdf8abf8,0x00000000ff980000)
  to   space 45568K, 0% used [0x00000000fa080000,0x00000000fa080000,0x00000000fcd00000)
 ParOldGen       total 609792K, used 427047K [0x0000000080000000, 0x00000000a5380000, 0x00000000d5580000)
  object space 609792K, 70% used [0x0000000080000000,0x000000009a109fb8,0x00000000a5380000)
 Metaspace       used 242561K, capacity 260326K, committed 272844K, reserved 1286144K
  class space    used 30708K, capacity 33921K, committed 36608K, reserved 1048576K
}
Event: 40773.222 GC heap before
{Heap before GC invocations=195 (full 8):
 PSYoungGen      total 645632K, used 619050K [0x00000000d5580000, 0x00000000ff980000, 0x0000000100000000)
  eden space 601088K, 100% used [0x00000000d5580000,0x00000000fa080000,0x00000000fa080000)
  from space 44544K, 40% used [0x00000000fce00000,0x00000000fdf8abf8,0x00000000ff980000)
  to   space 45568K, 0% used [0x00000000fa080000,0x00000000fa080000,0x00000000fcd00000)
 ParOldGen       total 609792K, used 427047K [0x0000000080000000, 0x00000000a5380000, 0x00000000d5580000)
  object space 609792K, 70% used [0x0000000080000000,0x000000009a109fb8,0x00000000a5380000)
 Metaspace       used 242786K, capacity 260556K, committed 272844K, reserved 1286144K
  class space    used 30722K, capacity 33954K, committed 36608K, reserved 1048576K
Event: 40773.389 GC heap after
Heap after GC invocations=195 (full 8):
 PSYoungGen      total 646656K, used 45559K [0x00000000d5580000, 0x0000000100000000, 0x0000000100000000)
  eden space 601088K, 0% used [0x00000000d5580000,0x00000000d5580000,0x00000000fa080000)
  from space 45568K, 99% used [0x00000000fa080000,0x00000000fccfdf30,0x00000000fcd00000)
  to   space 52224K, 0% used [0x00000000fcd00000,0x00000000fcd00000,0x0000000100000000)
 ParOldGen       total 609792K, used 465262K [0x0000000080000000, 0x00000000a5380000, 0x00000000d5580000)
  object space 609792K, 76% used [0x0000000080000000,0x000000009c65b860,0x00000000a5380000)
 Metaspace       used 242786K, capacity 260556K, committed 272844K, reserved 1286144K
  class space    used 30722K, capacity 33954K, committed 36608K, reserved 1048576K
}
Event: 41562.322 GC heap before
{Heap before GC invocations=196 (full 8):
 PSYoungGen      total 646656K, used 646647K [0x00000000d5580000, 0x0000000100000000, 0x0000000100000000)
  eden space 601088K, 100% used [0x00000000d5580000,0x00000000fa080000,0x00000000fa080000)
  from space 45568K, 99% used [0x00000000fa080000,0x00000000fccfdf30,0x00000000fcd00000)
  to   space 52224K, 0% used [0x00000000fcd00000,0x00000000fcd00000,0x0000000100000000)
 ParOldGen       total 609792K, used 465262K [0x0000000080000000, 0x00000000a5380000, 0x00000000d5580000)
  object space 609792K, 76% used [0x0000000080000000,0x000000009c65b860,0x00000000a5380000)
 Metaspace       used 245256K, capacity 263736K, committed 272844K, reserved 1286144K
  class space    used 31094K, capacity 34455K, committed 36608K, reserved 1048576K
Event: 41562.411 GC heap after
Heap after GC invocations=196 (full 8):
 PSYoungGen      total 620032K, used 35053K [0x00000000d5580000, 0x0000000100000000, 0x0000000100000000)
  eden space 567808K, 0% used [0x00000000d5580000,0x00000000d5580000,0x00000000f8000000)
  from space 52224K, 67% used [0x00000000fcd00000,0x00000000fef3b658,0x0000000100000000)
  to   space 65536K, 0% used [0x00000000f8000000,0x00000000f8000000,0x00000000fc000000)
 ParOldGen       total 609792K, used 483990K [0x0000000080000000, 0x00000000a5380000, 0x00000000d5580000)
  object space 609792K, 79% used [0x0000000080000000,0x000000009d8a5a00,0x00000000a5380000)
 Metaspace       used 245256K, capacity 263736K, committed 272844K, reserved 1286144K
  class space    used 31094K, capacity 34455K, committed 36608K, reserved 1048576K
}
Event: 42299.892 GC heap before
{Heap before GC invocations=197 (full 8):
 PSYoungGen      total 620032K, used 602712K [0x00000000d5580000, 0x0000000100000000, 0x0000000100000000)
  eden space 567808K, 99% used [0x00000000d5580000,0x00000000f7fdab18,0x00000000f8000000)
  from space 52224K, 67% used [0x00000000fcd00000,0x00000000fef3b658,0x0000000100000000)
  to   space 65536K, 0% used [0x00000000f8000000,0x00000000f8000000,0x00000000fc000000)
 ParOldGen       total 609792K, used 483990K [0x0000000080000000, 0x00000000a5380000, 0x00000000d5580000)
  object space 609792K, 79% used [0x0000000080000000,0x000000009d8a5a00,0x00000000a5380000)
 Metaspace       used 247634K, capacity 266458K, committed 272844K, reserved 1286144K
  class space    used 31396K, capacity 34849K, committed 36608K, reserved 1048576K
Event: 42299.962 GC heap after
Heap after GC invocations=197 (full 8):
 PSYoungGen      total 633344K, used 30090K [0x00000000d5580000, 0x0000000100000000, 0x0000000100000000)
  eden space 567808K, 0% used [0x00000000d5580000,0x00000000d5580000,0x00000000f8000000)
  from space 65536K, 45% used [0x00000000f8000000,0x00000000f9d62a00,0x00000000fc000000)
  to   space 62976K, 0% used [0x00000000fc280000,0x00000000fc280000,0x0000000100000000)
 ParOldGen       total 609792K, used 507984K [0x0000000080000000, 0x00000000a5380000, 0x00000000d5580000)
  object space 609792K, 83% used [0x0000000080000000,0x000000009f0140e8,0x00000000a5380000)
 Metaspace       used 247634K, capacity 266458K, committed 272844K, reserved 1286144K
  class space    used 31396K, capacity 34849K, committed 36608K, reserved 1048576K
}

Deoptimization events (10 events):
Event: 40772.577 Thread 0x000000001e683000 Uncommon trap: reason=class_check action=maybe_recompile pc=0x000000000c1dc4a4 method=com.android.tools.r8.utils.k0.M()Z @ 6
Event: 40772.580 Thread 0x000000001e683000 Uncommon trap: reason=class_check action=maybe_recompile pc=0x0000000008510280 method=com.android.tools.r8.utils.k0.M()Z @ 6
Event: 40772.582 Thread 0x000000001e683000 Uncommon trap: reason=class_check action=maybe_recompile pc=0x0000000008260098 method=com.android.tools.r8.utils.k0.M()Z @ 6
Event: 40772.591 Thread 0x000000001e683000 Uncommon trap: reason=class_check action=maybe_recompile pc=0x000000000c3edcc4 method=com.android.tools.r8.utils.k0.M()Z @ 6
Event: 41120.228 Thread 0x000000001e397800 Uncommon trap: reason=unstable_if action=reinterpret pc=0x000000000d8ba138 method=com.amazon.ion.impl.bin.WriteBuffer.writeByte(B)V @ 5
Event: 41121.076 Thread 0x0000000030678800 Uncommon trap: reason=unstable_if action=reinterpret pc=0x000000000676d130 method=java.util.concurrent.ConcurrentHashMap.addCount(JI)V @ 272
Event: 42293.572 Thread 0x000000001e391800 Uncommon trap: reason=unstable_if action=reinterpret pc=0x0000000003fee8b8 method=com.amazon.ion.impl.bin.WriteBuffer.writeByte(B)V @ 5
Event: 42298.498 Thread 0x000000003549b800 Uncommon trap: reason=bimorphic action=maybe_recompile pc=0x000000000850016c method=org.gradle.internal.fingerprint.impl.AbsolutePathFingerprintingStrategy.collectFingerprints(Ljava/lang/Iterable;)Ljava/util/Map; @ 54
Event: 42298.498 Thread 0x000000003549b800 Uncommon trap: reason=class_check action=maybe_recompile pc=0x0000000003e874ac method=org.gradle.internal.fingerprint.impl.AbsolutePathFingerprintingStrategy$1.visitFile(Lorg/gradle/internal/snapshot/CompleteFileSystemLocationSnapshot;)V @ 31
Event: 42298.498 Thread 0x000000003549b800 Uncommon trap: reason=bimorphic action=maybe_recompile pc=0x0000000004126f14 method=org.gradle.internal.fingerprint.impl.DefaultFileSystemLocationFingerprint.<init>(Ljava/lang/String;Lorg/gradle/internal/snapshot/CompleteFileSystemLocationSnapshot;)V @ 3

Classes redefined (0 events):
No events

Internal exceptions (10 events):
Event: 42293.467 Thread 0x000000001e391800 Exception <a 'java/lang/NoSuchMethodError': <clinit>> (0x00000000ee132f10) thrown at [C:\src\AOSP-openjdk-git\hotspot\src\share\vm\prims\jni.cpp, line 1615]
Event: 42293.475 Thread 0x000000001e391800 Exception <a 'java/lang/NoSuchMethodError': <clinit>> (0x00000000ee364a68) thrown at [C:\src\AOSP-openjdk-git\hotspot\src\share\vm\prims\jni.cpp, line 1615]
Event: 42293.482 Thread 0x000000001e391800 Exception <a 'java/lang/NoSuchMethodError': <clinit>> (0x00000000ee43eee8) thrown at [C:\src\AOSP-openjdk-git\hotspot\src\share\vm\prims\jni.cpp, line 1615]
Event: 42293.537 Thread 0x000000001e391800 Exception <a 'java/lang/ClassNotFoundException': org/jetbrains/plugins/gradle/tooling/util/JavaPluginUtilBeanInfo> (0x00000000eea98dc8) thrown at [C:\src\AOSP-openjdk-git\hotspot\src\share\vm\classfile\systemDictionary.cpp, line 210]
Event: 42293.539 Thread 0x000000001e391800 Exception <a 'java/lang/ClassNotFoundException': org/jetbrains/plugins/gradle/tooling/util/JavaPluginUtilCustomizer> (0x00000000eeaac208) thrown at [C:\src\AOSP-openjdk-git\hotspot\src\share\vm\classfile\systemDictionary.cpp, line 210]
Event: 42293.590 Thread 0x000000001e391800 Exception <a 'sun/nio/fs/WindowsException'> (0x00000000eecdc228) thrown at [C:\src\AOSP-openjdk-git\hotspot\src\share\vm\prims\jni.cpp, line 710]
Event: 42298.080 Thread 0x000000001e391800 Exception <a 'sun/nio/fs/WindowsException'> (0x00000000f2f03010) thrown at [C:\src\AOSP-openjdk-git\hotspot\src\share\vm\prims\jni.cpp, line 710]
Event: 42298.253 Thread 0x000000001e391800 Exception <a 'sun/nio/fs/WindowsException'> (0x00000000f33c6f08) thrown at [C:\src\AOSP-openjdk-git\hotspot\src\share\vm\prims\jni.cpp, line 710]
Event: 42298.253 Thread 0x000000001e391800 Exception <a 'sun/nio/fs/WindowsException'> (0x00000000f33c8b20) thrown at [C:\src\AOSP-openjdk-git\hotspot\src\share\vm\prims\jni.cpp, line 710]
Event: 42298.265 Thread 0x0000000029c76000 Exception <a 'sun/nio/fs/WindowsException'> (0x00000000f34068e8) thrown at [C:\src\AOSP-openjdk-git\hotspot\src\share\vm\prims\jni.cpp, line 710]

Events (10 events):
Event: 42298.498 Thread 0x000000003549b800 Uncommon trap: trap_request=0xffffffc6 fr.pc=0x0000000004126f14
Event: 42298.498 Thread 0x000000003549b800 DEOPT PACKING pc=0x0000000004126f14 sp=0x000000003e15d5b0
Event: 42298.498 Thread 0x000000003549b800 DEOPT UNPACKING pc=0x0000000002da557b sp=0x000000003e15d568 mode 2
Event: 42298.519 Executing VM operation: RevokeBias
Event: 42298.520 Executing VM operation: RevokeBias done
Event: 42299.891 Executing VM operation: ParallelGCFailedAllocation
Event: 42299.962 Executing VM operation: ParallelGCFailedAllocation done
Event: 42301.781 Executing VM operation: RevokeBias
Event: 42301.781 Executing VM operation: RevokeBias done
Event: 42301.846 Thread 0x0000000017988000 flushing nmethod 0x000000000d8b2a50


Dynamic libraries:
0x00007ff76cf90000 - 0x00007ff76cfc1000 	C:\Program Files\Android\Android Studio\jre\bin\java.exe
0x00007ff86e510000 - 0x00007ff86e705000 	C:\WINDOWS\SYSTEM32\ntdll.dll
0x00007ff86c5f0000 - 0x00007ff86c6ad000 	C:\WINDOWS\System32\KERNEL32.DLL
0x00007ff86c0c0000 - 0x00007ff86c38d000 	C:\WINDOWS\System32\KERNELBASE.dll
0x00007ff86c530000 - 0x00007ff86c5de000 	C:\WINDOWS\System32\ADVAPI32.dll
0x00007ff86c6c0000 - 0x00007ff86c75e000 	C:\WINDOWS\System32\msvcrt.dll
0x00007ff86cbd0000 - 0x00007ff86cc6c000 	C:\WINDOWS\System32\sechost.dll
0x00007ff86c7c0000 - 0x00007ff86c8e5000 	C:\WINDOWS\System32\RPCRT4.dll
0x00007ff86d720000 - 0x00007ff86d8c0000 	C:\WINDOWS\System32\USER32.dll
0x00007ff86c090000 - 0x00007ff86c0b2000 	C:\WINDOWS\System32\win32u.dll
0x00007ff86df10000 - 0x00007ff86df3a000 	C:\WINDOWS\System32\GDI32.dll
0x00007ff86c420000 - 0x00007ff86c52b000 	C:\WINDOWS\System32\gdi32full.dll
0x00007ff86be20000 - 0x00007ff86bebd000 	C:\WINDOWS\System32\msvcp_win.dll
0x00007ff86bbf0000 - 0x00007ff86bcf0000 	C:\WINDOWS\System32\ucrtbase.dll
0x00007ff8598a0000 - 0x00007ff859b3a000 	C:\WINDOWS\WinSxS\amd64_microsoft.windows.common-controls_6595b64144ccf1df_6.0.19041.1110_none_60b5254171f9507e\COMCTL32.dll
0x00007ff86e2a0000 - 0x00007ff86e2d0000 	C:\WINDOWS\System32\IMM32.DLL
0x0000000063b00000 - 0x0000000063bd2000 	C:\Program Files\Android\Android Studio\jre\jre\bin\msvcr100.dll
0x0000000063210000 - 0x0000000063a5b000 	C:\Program Files\Android\Android Studio\jre\jre\bin\server\jvm.dll
0x00007ff86e2f0000 - 0x00007ff86e2f8000 	C:\WINDOWS\System32\PSAPI.DLL
0x00007ff85ce40000 - 0x00007ff85ce4a000 	C:\WINDOWS\SYSTEM32\VERSION.dll
0x00007ff858390000 - 0x00007ff8583b7000 	C:\WINDOWS\SYSTEM32\WINMM.dll
0x00007ff85ae30000 - 0x00007ff85ae39000 	C:\WINDOWS\SYSTEM32\WSOCK32.dll
0x00007ff86e430000 - 0x00007ff86e49b000 	C:\WINDOWS\System32\WS2_32.dll
0x00007ff866d50000 - 0x00007ff866d5f000 	C:\Program Files\Android\Android Studio\jre\jre\bin\verify.dll
0x00007ff855400000 - 0x00007ff855429000 	C:\Program Files\Android\Android Studio\jre\jre\bin\java.dll
0x00007ff85a860000 - 0x00007ff85a876000 	C:\Program Files\Android\Android Studio\jre\jre\bin\zip.dll
0x00007ff86cd50000 - 0x00007ff86d494000 	C:\WINDOWS\System32\SHELL32.dll
0x00007ff869c90000 - 0x00007ff86a424000 	C:\WINDOWS\SYSTEM32\windows.storage.dll
0x00007ff86df40000 - 0x00007ff86e294000 	C:\WINDOWS\System32\combase.dll
0x00007ff86b4a0000 - 0x00007ff86b4cc000 	C:\WINDOWS\SYSTEM32\Wldp.dll
0x00007ff86dd40000 - 0x00007ff86dded000 	C:\WINDOWS\System32\SHCORE.dll
0x00007ff86c760000 - 0x00007ff86c7b5000 	C:\WINDOWS\System32\shlwapi.dll
0x00007ff86bb30000 - 0x00007ff86bb4f000 	C:\WINDOWS\SYSTEM32\profapi.dll
0x00007ff8548c0000 - 0x00007ff8548da000 	C:\Program Files\Android\Android Studio\jre\jre\bin\net.dll
0x00007ff86b280000 - 0x00007ff86b2ea000 	C:\WINDOWS\system32\mswsock.dll
0x00007ff854180000 - 0x00007ff854193000 	C:\Program Files\Android\Android Studio\jre\jre\bin\nio.dll
0x00007ff85b6a0000 - 0x00007ff85b6c7000 	C:\Users\AIT\.gradle\native\f6784746aeab05261644944871eae4fe03e0ef1612fff0a4a95f87b438bc6780\windows-amd64\native-platform.dll
0x00007ff866d30000 - 0x00007ff866d3d000 	C:\Program Files\Android\Android Studio\jre\jre\bin\management.dll
0x00007ff86b660000 - 0x00007ff86b678000 	C:\WINDOWS\SYSTEM32\CRYPTSP.dll
0x00007ff86ac20000 - 0x00007ff86ac54000 	C:\WINDOWS\system32\rsaenh.dll
0x00007ff86bdf0000 - 0x00007ff86be17000 	C:\WINDOWS\System32\bcrypt.dll
0x00007ff86baf0000 - 0x00007ff86bb1e000 	C:\WINDOWS\SYSTEM32\USERENV.dll
0x00007ff86c390000 - 0x00007ff86c412000 	C:\WINDOWS\System32\bcryptprimitives.dll
0x00007ff86b410000 - 0x00007ff86b41c000 	C:\WINDOWS\SYSTEM32\CRYPTBASE.dll
0x00007ff86af90000 - 0x00007ff86afcb000 	C:\WINDOWS\SYSTEM32\IPHLPAPI.DLL
0x00007ff86c5e0000 - 0x00007ff86c5e8000 	C:\WINDOWS\System32\NSI.dll
0x00007ff85fcc0000 - 0x00007ff85fcd7000 	C:\WINDOWS\SYSTEM32\dhcpcsvc6.DLL
0x00007ff85fca0000 - 0x00007ff85fcbd000 	C:\WINDOWS\SYSTEM32\dhcpcsvc.DLL
0x00007ff86afd0000 - 0x00007ff86b09b000 	C:\WINDOWS\SYSTEM32\DNSAPI.dll
0x00007ff863fc0000 - 0x00007ff863fcb000 	C:\WINDOWS\SYSTEM32\WINNSI.DLL
0x00007ff85b7a0000 - 0x00007ff85b7c4000 	C:\Program Files\Android\Android Studio\jre\jre\bin\sunec.dll
0x00007ff8677c0000 - 0x00007ff8677cb000 	C:\Program Files\Android\Android Studio\jre\jre\bin\sunmscapi.dll
0x00007ff86bec0000 - 0x00007ff86c016000 	C:\WINDOWS\System32\CRYPT32.dll
0x00007ff85fc90000 - 0x00007ff85fc9a000 	C:\Windows\System32\rasadhlp.dll
0x00007ff866050000 - 0x00007ff8660d0000 	C:\WINDOWS\System32\fwpuclnt.dll
0x00007ff86a880000 - 0x00007ff86a8b3000 	C:\WINDOWS\SYSTEM32\ntmarta.dll
0x00007ff84fd20000 - 0x00007ff84febc000 	C:\Program Files\Android\Android Studio\jre\jre\bin\awt.dll
0x00007ff86e360000 - 0x00007ff86e42d000 	C:\WINDOWS\System32\OLEAUT32.dll
0x00007ff869900000 - 0x00007ff86992f000 	C:\WINDOWS\SYSTEM32\dwmapi.dll
0x00007ff868050000 - 0x00007ff868610000 	C:\WINDOWS\SYSTEM32\d2d1.dll
0x00007ff869460000 - 0x00007ff8694f0000 	C:\WINDOWS\SYSTEM32\apphelp.dll
0x00007ff869530000 - 0x00007ff8695ce000 	C:\WINDOWS\system32\uxtheme.dll
0x00007ff85aa10000 - 0x00007ff85abf4000 	C:\WINDOWS\SYSTEM32\dbghelp.dll

VM Arguments:
jvm_args: -Xmx2048m -Dfile.encoding=UTF-8 -Duser.country=IN -Duser.language=en -Duser.variant 
java_command: org.gradle.launcher.daemon.bootstrap.GradleDaemon 6.5
java_class_path (initial): C:\Users\AIT\.gradle\wrapper\dists\gradle-6.5-bin\6nifqtx7604sqp1q6g8wikw7p\gradle-6.5\lib\gradle-launcher-6.5.jar
Launcher Type: SUN_STANDARD

Environment Variables:
JAVA_HOME=C:\Program Files\Java\jdk1.8.0_281
PATH=C:\Python310\Scripts\;C:\Python310\;C:\WINDOWS\System32\WindowsPowerShell\v1.0\;C:\Users\AIT\AppData\Local\Programs\Python\Python38;C:\Users\AIT\AppData\Local\Programs\Python\Python38\Scripts\;C:\Users\AIT\AppData\Local\Programs\Python\Python36;C:\WINDOWS\system32;C:\WINDOWS;C:\WINDOWS\System32\Wbem;C:\WINDOWS\System32\OpenSSH\;C:\Program Files\Docker\Docker\resources\bin;C:\ProgramData\DockerDesktop\version-bin;C:\ProgramData\chocolatey\bin;C:\Program Files\PostgreSQL\14\bin;C:\composer;C:\wamp64\bin\php\php7.4.0;C:\Program Files\nodejs\;C:\Users\AIT\AppData\Local\Programs\Python\Python38\;C:\Users\AIT\AppData\Local\Programs\Python\Python38\Scripts\;C:\Users\AIT\AppData\Local\Programs\Python\Python37\Scripts\;C:\Users\AIT\AppData\Local\Programs\Python\Python37\;C:\Users\AIT\AppData\Local\Programs\Python\Python36\Scripts\;C:\Users\AIT\AppData\Local\Programs\Python\Python36\;C:\Users\AIT\AppData\Local\Programs\Python\Python36\Scripts;C:\Users\AIT\AppData\Local\Microsoft\WindowsApps;C:\Users\AIT\AppData\Local\GitHubDesktop\bin;C:\Users\AIT\AppData\Local\Programs\Microsoft VS Code\bin;C:\Users\AIT\AppData\Roaming\Composer\vendor\bin;C:\Users\AIT\AppData\Roaming\npm
USERNAME=AIT
OS=Windows_NT
PROCESSOR_IDENTIFIER=Intel64 Family 6 Model 60 Stepping 3, GenuineIntel



---------------  S Y S T E M  ---------------

OS: Windows 10.0 , 64 bit Build 19041 (10.0.19041.1706)

CPU:total 4 (initial active 4) (2 cores per cpu, 2 threads per core) family 6 model 60 stepping 3, cmov, cx8, fxsr, mmx, sse, sse2, sse3, ssse3, sse4.1, sse4.2, popcnt, avx, avx2, aes, clmul, erms, lzcnt, ht, tsc, tscinvbit, bmi1, bmi2

Memory: 4k page, physical 16645160k(3168652k free), swap 21430832k(4760256k free)

vm_info: OpenJDK 64-Bit Server VM (25.242-b01) for windows-amd64 JRE (1.8.0_242-release-1644-b01), built by "builder" with MS VC++ 10.0 (VS2010)

time: Wed Aug 10 21:34:30 2022
timezone: India Standard Time
elapsed time: 42302 seconds (0d 11h 45m 2s)

